

> @separate-tracks/api@0.1.0 build /Users/diegomadariaga/Desktop/repos/separate-tracks/api
> webpack-cli build --node-env=production

[webpack-cli] [31mFailed to load '/Users/diegomadariaga/Desktop/repos/separate-tracks/api/webpack.config.js' config[39m
[webpack-cli] [31mError: Cannot find module '@nx/webpack/app-plugin'
Require stack:
- /Users/diegomadariaga/Desktop/repos/separate-tracks/api/webpack.config.js
- /Users/diegomadariaga/Desktop/repos/separate-tracks/node_modules/.pnpm/webpack-cli@5.1.4_webpack@5.101.3/node_modules/webpack-cli/lib/webpack-cli.js
- /Users/diegomadariaga/Desktop/repos/separate-tracks/node_modules/.pnpm/webpack-cli@5.1.4_webpack@5.101.3/node_modules/webpack-cli/lib/bootstrap.js
- /Users/diegomadariaga/Desktop/repos/separate-tracks/node_modules/.pnpm/webpack-cli@5.1.4_webpack@5.101.3/node_modules/webpack-cli/bin/cli.js
    at Module._resolveFilename (node:internal/modules/cjs/loader:1369:15)
    at defaultResolveImpl (node:internal/modules/cjs/loader:1025:19)
    at resolveForCJSWithHooks (node:internal/modules/cjs/loader:1030:22)
    at Module._load (node:internal/modules/cjs/loader:1179:37)
    at TracingChannel.traceSync (node:diagnostics_channel:322:14)
    at wrapModuleLoad (node:internal/modules/cjs/loader:235:24)
    at Module.require (node:internal/modules/cjs/loader:1449:12)
    at require (node:internal/modules/helpers:135:16)
    at Object.<anonymous> (/Users/diegomadariaga/Desktop/repos/separate-tracks/api/webpack.config.js:1:32)
    at Module._compile (node:internal/modules/cjs/loader:1692:14) {
  code: 'MODULE_NOT_FOUND',
  requireStack: [
    '/Users/diegomadariaga/Desktop/repos/separate-tracks/api/webpack.config.js',
    '/Users/diegomadariaga/Desktop/repos/separate-tracks/node_modules/.pnpm/webpack-cli@5.1.4_webpack@5.101.3/node_modules/webpack-cli/lib/webpack-cli.js',
    '/Users/diegomadariaga/Desktop/repos/separate-tracks/node_modules/.pnpm/webpack-cli@5.1.4_webpack@5.101.3/node_modules/webpack-cli/lib/bootstrap.js',
    '/Users/diegomadariaga/Desktop/repos/separate-tracks/node_modules/.pnpm/webpack-cli@5.1.4_webpack@5.101.3/node_modules/webpack-cli/bin/cli.js'
  ]
}[39m
[41m[30m ELIFECYCLE [39m[49m [31mCommand failed with exit code 2.[39m
